#
# A fatal error has been detected by the Java Runtime Environment:
#
#  Internal Error (os_windows_x86.cpp:114), pid=4420, tid=1216
#  Error: guarantee(result == -1,"Unexpected result from topLevelExceptionFilter")
#
# JRE version: 6.0_17-b04
# Java VM: Java HotSpot(TM) 64-Bit Server VM (14.3-b01 mixed mode windows-amd64 )
# If you would like to submit a bug report, please visit:
#   http://java.sun.com/webapps/bugreport/crash.jsp
# The crash happened outside the Java Virtual Machine in native code.
# See problematic frame for where to report the bug.
#

---------------  T H R E A D  ---------------

Current thread (0x00000000082b0800):  JavaThread "main" [_thread_in_native, id=1216, stack(0x0000000000b40000,0x0000000004b40000)]

Stack: [0x0000000000b40000,0x0000000004b40000]
[error occurred during error reporting (printing stack bounds), id 0xc0000005]

Java frames: (J=compiled Java code, j=interpreted, Vv=VM code)
j  com.mathworks.jmi.NativeMatlab.ProcessPendingEvents()Z+0
j  com.mathworks.jmi.NativeMatlab.processPendingEvents()Z+8
j  com.mathworks.jmi.Matlab$ProcessPendingEvents.callBooleanMethod(Ljava/lang/Object;)Z+0
j  com.mathworks.util.FactoryUtils.processPendingEvents()Z+12
j  com.mathworks.widgets.desk.Desktop.canClose()Z+38
j  com.mathworks.mde.desk.MLDesktop.canClose()Z+113
j  com.mathworks.mde.desk.MLDesktop$2.call()Ljava/lang/Boolean;+4
j  com.mathworks.mde.desk.MLDesktop$2.call()Ljava/lang/Object;+1
j  com.mathworks.jmi.Matlab.isOkToExit()Z+54
v  ~StubRoutines::call_stub
j  com.mathworks.jmi.NativeMatlab.SendMatlabMessage(Ljava/lang/Object;)Ljava/lang/Object;+0
j  com.mathworks.jmi.NativeMatlab.sendMatlabMessage(Ljava/lang/Object;)Ljava/lang/Object;+22
j  com.mathworks.jmi.MatlabLooper.sendMatlabMessage(Lcom/mathworks/services/message/MWMessage;)Ljava/lang/Object;+20
j  com.mathworks.jmi.Matlab.mtFevalConsoleOutput(Ljava/lang/String;[Ljava/lang/Object;I)Ljava/lang/Object;+58
j  com.mathworks.mde.desk.MLDesktop$8.run()V+14
j  com.mathworks.jmi.NativeMatlab.dispatchMTRequests(Z)V+57
v  ~StubRoutines::call_stub

---------------  P R O C E S S  ---------------

Java Threads: ( => current thread )
  0x000000006dfbb800 JavaThread "Timer-228" daemon [_thread_blocked, id=5304, stack(0x0000000070550000,0x00000000705d0000)]
  0x000000006dfbd800 JavaThread "Main message loop" daemon [_thread_in_native, id=4012, stack(0x0000000070270000,0x00000000702f0000)]
  0x000000006dfb9800 JavaThread "com.jniwrapper.NativeResourceCollector" daemon [_thread_blocked, id=6088, stack(0x000000002cdc0000,0x000000002ce40000)]
  0x000000006dfba000 JavaThread "Foxtrot Single Worker Thread #1" daemon [_thread_blocked, id=588, stack(0x00000000291a0000,0x0000000029220000)]
  0x000000006dfb5000 JavaThread "Prefs Updater" daemon [_thread_blocked, id=736, stack(0x0000000029020000,0x00000000290a0000)]
  0x000000006dfb3800 JavaThread "Swing-Shell" daemon [_thread_blocked, id=188, stack(0x0000000014fd0000,0x0000000015050000)]
  0x000000006dfb4800 JavaThread "Active Reference Queue Daemon" daemon [_thread_blocked, id=4092, stack(0x000000000fa20000,0x000000000faa0000)]
  0x000000006dfb7000 JavaThread "Timer-30" daemon [_thread_blocked, id=576, stack(0x000000000f9a0000,0x000000000fa20000)]
  0x000000006dfb6800 JavaThread "Timer-29" daemon [_thread_blocked, id=4672, stack(0x00000000706d0000,0x0000000070750000)]
  0x0000000050734800 JavaThread "Explorer NavigationContext request queue" [_thread_blocked, id=1384, stack(0x00000000705d0000,0x0000000070650000)]
  0x0000000050733800 JavaThread "AddressBar directory emptiness poller" [_thread_blocked, id=1600, stack(0x00000000704d0000,0x0000000070550000)]
  0x0000000050732000 JavaThread "Explorer Refresh Service 1531485190" [_thread_blocked, id=2400, stack(0x00000000703f0000,0x0000000070470000)]
  0x0000000050730000 JavaThread "Timer-1" daemon [_thread_blocked, id=4440, stack(0x0000000070080000,0x0000000070100000)]
  0x0000000050733000 JavaThread "TimerQueue" daemon [_thread_blocked, id=3048, stack(0x0000000052770000,0x00000000527f0000)]
  0x0000000050730800 JavaThread "Thread-5" daemon [_thread_blocked, id=2320, stack(0x0000000051720000,0x00000000517a0000)]
  0x0000000050a78800 JavaThread "AWT-EventQueue-0" [_thread_in_native, id=2304, stack(0x00000000516a0000,0x0000000051720000)]
  0x000000000ee2d800 JavaThread "AWT-Shutdown" [_thread_blocked, id=4744, stack(0x000000000fdb0000,0x000000000fe30000)]
  0x000000000f3dd000 JavaThread "FelixPackageAdmin" daemon [_thread_blocked, id=3536, stack(0x0000000051620000,0x00000000516a0000)]
  0x0000000050b95800 JavaThread "FelixStartLevel" daemon [_thread_blocked, id=4768, stack(0x000000000ff30000,0x000000000ffb0000)]
  0x0000000050799800 JavaThread "FelixDispatchQueue" daemon [_thread_blocked, id=876, stack(0x000000000feb0000,0x000000000ff30000)]
  0x000000000eef0800 JavaThread "com.google.common.base.internal.Finalizer" daemon [_thread_blocked, id=4824, stack(0x000000000fe30000,0x000000000feb0000)]
  0x000000000f3e0000 JavaThread "AWT-Windows" daemon [_thread_in_native, id=752, stack(0x000000000f920000,0x000000000f9a0000)]
  0x000000000f3df000 JavaThread "Java2D Disposer" daemon [_thread_blocked, id=1476, stack(0x000000000cdb0000,0x000000000ce30000)]
  0x000000000eeb6800 JavaThread "Timer-0" [_thread_blocked, id=3876, stack(0x000000000cd30000,0x000000000cdb0000)]
  0x000000000f3ea800 JavaThread "EventMgr Dispatcher" daemon [_thread_in_native, id=2940, stack(0x0000000008ab0000,0x000000000cab0000)]
  0x000000000cb69000 JavaThread "Low Memory Detector" daemon [_thread_blocked, id=3372, stack(0x000000000ccb0000,0x000000000cd30000)]
  0x000000000cb67800 JavaThread "CompilerThread1" daemon [_thread_blocked, id=2968, stack(0x0000000061cf0000,0x0000000065cf0000)]
  0x000000000cb66800 JavaThread "CompilerThread0" daemon [_thread_blocked, id=3216, stack(0x000000005dcf0000,0x0000000061cf0000)]
  0x000000000cb60800 JavaThread "Attach Listener" daemon [_thread_blocked, id=980, stack(0x0000000008a20000,0x0000000008aa0000)]
  0x000000000cb34800 JavaThread "Finalizer" daemon [_thread_blocked, id=3708, stack(0x00000000089a0000,0x0000000008a20000)]
  0x0000000008389800 JavaThread "Reference Handler" daemon [_thread_blocked, id=3296, stack(0x0000000008920000,0x00000000089a0000)]
=>0x00000000082b0800 JavaThread "main" [_thread_in_native, id=1216, stack(0x0000000000b40000,0x0000000004b40000)]

Other Threads:
  0x000000000cb32000 VMThread [stack: 0x0000000059cf0000,0x000000005dcf0000] [id=4556]
  0x000000000cb84000 WatcherThread [stack: 0x0000000065cf0000,0x0000000069cf0000] [id=4572]

VM state:not at safepoint (normal execution)

VM Mutex/Monitor currently owned by a thread: None

Heap
 PSYoungGen      total 14720K, used 9984K [0x0000000041150000, 0x0000000042150000, 0x0000000044250000)
  eden space 13056K, 67% used [0x0000000041150000,0x00000000419f3338,0x0000000041e10000)
  from space 1664K, 68% used [0x0000000041e10000,0x0000000041f2cf10,0x0000000041fb0000)
  to   space 1600K, 0% used [0x0000000041fc0000,0x0000000041fc0000,0x0000000042150000)
 PSOldGen        total 111168K, used 103877K [0x0000000037e50000, 0x000000003eae0000, 0x0000000041150000)
  object space 111168K, 93% used [0x0000000037e50000,0x000000003e3c17c0,0x000000003eae0000)
 PSPermGen       total 113920K, used 74726K [0x000000002fe50000, 0x0000000036d90000, 0x0000000037e50000)
  object space 113920K, 65% used [0x000000002fe50000,0x0000000034749b28,0x0000000036d90000)

Dynamic libraries:
0x00007ff60ff90000 - 0x00007ff60ffbd000 	C:\Program Files\MATLAB\R2012b\bin\win64\MATLAB.exe
0x00007ffa8b800000 - 0x00007ffa8b9ad000 	C:\WINDOWS\SYSTEM32\ntdll.dll
0x00007ffa8a000000 - 0x00007ffa8a13e000 	C:\WINDOWS\system32\KERNEL32.DLL
0x00007ffa88cb0000 - 0x00007ffa88dc5000 	C:\WINDOWS\system32\KERNELBASE.dll
0x0000000074460000 - 0x000000007451f000 	C:\Program Files\MATLAB\R2012b\bin\win64\libut.dll
0x0000000180000000 - 0x00000001802dc000 	C:\Program Files\MATLAB\R2012b\bin\win64\libmwservices.dll
0x0000000074970000 - 0x0000000074a31000 	C:\Program Files\MATLAB\R2012b\bin\win64\mcr.dll
0x0000000055c10000 - 0x0000000055ce3000 	C:\WINDOWS\WinSxS\amd64_microsoft.vc90.crt_1fc8b3b9a1e18e3b_9.0.30729.8387_none_08e793bfa83a89b5\MSVCP90.dll
0x0000000055b60000 - 0x0000000055c03000 	C:\WINDOWS\WinSxS\amd64_microsoft.vc90.crt_1fc8b3b9a1e18e3b_9.0.30729.8387_none_08e793bfa83a89b5\MSVCR90.dll
0x00000000758a0000 - 0x000000007595c000 	C:\Program Files\MATLAB\R2012b\bin\win64\libmwi18n.dll
0x0000000073f70000 - 0x000000007411d000 	C:\Program Files\MATLAB\R2012b\bin\win64\libmwfl.dll
0x000000007a3b0000 - 0x000000007a3c0000 	C:\Program Files\MATLAB\R2012b\bin\win64\boost_date_time-vc90-mt-1_44.dll
0x000000007a560000 - 0x000000007a569000 	C:\Program Files\MATLAB\R2012b\bin\win64\boost_system-vc90-mt-1_44.dll
0x000000007a2d0000 - 0x000000007a2e2000 	C:\Program Files\MATLAB\R2012b\bin\win64\boost_thread-vc90-mt-1_44.dll
0x0000000004d10000 - 0x0000000004dcd000 	C:\Program Files\MATLAB\R2012b\bin\win64\boost_log-vc90-mt-1_44.dll
0x00000000559e0000 - 0x0000000055b51000 	C:\Program Files\MATLAB\R2012b\bin\win64\icuuc44.dll
0x00000000559c0000 - 0x00000000559d3000 	C:\Program Files\MATLAB\R2012b\bin\win64\icuio44.dll
0x0000000004dd0000 - 0x0000000004e16000 	C:\Program Files\MATLAB\R2012b\bin\win64\tbb.dll
0x00007ffa89150000 - 0x00007ffa89157000 	C:\WINDOWS\system32\PSAPI.DLL
0x00007ffa76690000 - 0x00007ffa76819000 	C:\WINDOWS\SYSTEM32\dbghelp.dll
0x00007ffa89090000 - 0x00007ffa8913a000 	C:\WINDOWS\system32\ADVAPI32.dll
0x00007ffa899a0000 - 0x00007ffa89b17000 	C:\WINDOWS\system32\USER32.dll
0x0000000075a20000 - 0x0000000075af3000 	C:\Program Files\MATLAB\R2012b\bin\win64\libmx.dll
0x0000000004e30000 - 0x0000000004e7d000 	C:\Program Files\MATLAB\R2012b\bin\win64\libmwregexp.dll
0x0000000004e80000 - 0x0000000004ea3000 	C:\Program Files\MATLAB\R2012b\bin\win64\libmwmfl_scalar.dll
0x0000000075f10000 - 0x0000000075f60000 	C:\Program Files\MATLAB\R2012b\bin\win64\mpath.dll
0x000000007b680000 - 0x000000007bc9a000 	C:\Program Files\MATLAB\R2012b\bin\win64\mlutil.dll
0x0000000004eb0000 - 0x0000000005266000 	C:\Program Files\MATLAB\R2012b\bin\win64\libmwMATLAB_res.dll
0x0000000005270000 - 0x0000000005290000 	C:\Program Files\MATLAB\R2012b\bin\win64\libmwMATLAB_settings_res.dll
0x000000007a170000 - 0x000000007a19c000 	C:\Program Files\MATLAB\R2012b\bin\win64\boost_filesystem-vc90-mt-1_44.dll
0x0000000005290000 - 0x00000000052d7000 	C:\Program Files\MATLAB\R2012b\bin\win64\boost_serialization-vc90-mt-1_44.dll
0x00007ffa843f0000 - 0x00007ffa84494000 	C:\WINDOWS\WinSxS\amd64_microsoft.windows.common-controls_6595b64144ccf1df_5.82.9600.17810_none_34ae2abd958aedeb\COMCTL32.dll
0x00007ffa89f40000 - 0x00007ffa89ff6000 	C:\WINDOWS\system32\COMDLG32.dll
0x00007ffa83860000 - 0x00007ffa83876000 	C:\WINDOWS\SYSTEM32\NETAPI32.dll
0x00007ffa89b20000 - 0x00007ffa89b7a000 	C:\WINDOWS\system32\WS2_32.dll
0x00000000052e0000 - 0x0000000005533000 	C:\Program Files\MATLAB\R2012b\bin\win64\xerces-c_2_7.dll
0x00007ffa8a270000 - 0x00007ffa8b79a000 	C:\WINDOWS\system32\SHELL32.dll
0x00007ffa89da0000 - 0x00007ffa89f34000 	C:\WINDOWS\system32\ole32.dll
0x00007ffa896d0000 - 0x00007ffa89791000 	C:\WINDOWS\system32\OLEAUT32.dll
0x0000000075000000 - 0x00000000753e9000 	C:\Program Files\MATLAB\R2012b\bin\win64\iqm.dll
0x0000000079fb0000 - 0x0000000079fe6000 	C:\Program Files\MATLAB\R2012b\bin\win64\libmwbridge.dll
0x0000000055990000 - 0x00000000559b7000 	C:\Program Files\MATLAB\R2012b\bin\win64\libmex.dll
0x0000000074e80000 - 0x0000000074f38000 	C:\Program Files\MATLAB\R2012b\bin\win64\m_dispatcher.dll
0x00007ffa71b30000 - 0x00007ffa71dc6000 	C:\Program Files\MATLAB\R2012b\bin\win64\mcos.dll
0x0000000055830000 - 0x0000000055982000 	C:\Program Files\MATLAB\R2012b\bin\win64\libmwgui.dll
0x0000000054dd0000 - 0x000000005582f000 	C:\Program Files\MATLAB\R2012b\bin\win64\hg.dll
0x0000000054cb0000 - 0x0000000054dcf000 	C:\Program Files\MATLAB\R2012b\bin\win64\hgutils.dll
0x00007ffa71060000 - 0x00007ffa718d1000 	C:\Program Files\MATLAB\R2012b\bin\win64\m_interpreter.dll
0x0000000075710000 - 0x00000000757de000 	C:\Program Files\MATLAB\R2012b\bin\win64\jmi.dll
0x0000000054bf0000 - 0x0000000054cb0000 	C:\Program Files\MATLAB\R2012b\bin\win64\udd_mi.dll
0x0000000005550000 - 0x0000000005821000 	C:\Program Files\MATLAB\R2012b\bin\win64\uiw.dll
0x0000000054bc0000 - 0x0000000054be2000 	C:\Program Files\MATLAB\R2012b\bin\win64\mwoles05.DLL
0x0000000054b40000 - 0x0000000054bbd000 	C:\Program Files\MATLAB\R2012b\bin\win64\comcli.dll
0x0000000054b30000 - 0x0000000054b3c000 	C:\Program Files\MATLAB\R2012b\bin\win64\mlautoregister.dll
0x0000000005830000 - 0x0000000005840000 	C:\Program Files\MATLAB\R2012b\bin\win64\boost_iostreams-vc90-mt-1_44.dll
0x00007ffa892b0000 - 0x00007ffa89400000 	C:\WINDOWS\system32\GDI32.dll
0x0000000005850000 - 0x000000000585b000 	C:\Program Files\MATLAB\R2012b\bin\win64\libmwresource_core.dll
0x000000007a010000 - 0x000000007a035000 	C:\Program Files\MATLAB\R2012b\bin\win64\LIBEXPAT.dll
0x0000000054930000 - 0x0000000054b21000 	C:\Program Files\MATLAB\R2012b\bin\win64\icuin44.dll
0x000000007a250000 - 0x000000007a263000 	C:\Program Files\MATLAB\R2012b\bin\win64\boost_signals-vc90-mt-1_44.dll
0x00007ffa89070000 - 0x00007ffa89086000 	C:\WINDOWS\system32\imagehlp.dll
0x0000000010000000 - 0x0000000010e41000 	C:\Program Files\MATLAB\R2012b\bin\win64\icudt44.dll
0x00007ffa89620000 - 0x00007ffa896ca000 	C:\WINDOWS\system32\msvcrt.dll
0x00007ffa89be0000 - 0x00007ffa89c39000 	C:\WINDOWS\SYSTEM32\sechost.dll
0x00007ffa89160000 - 0x00007ffa892a1000 	C:\WINDOWS\system32\RPCRT4.dll
0x00000000058f0000 - 0x0000000005919000 	C:\Program Files\MATLAB\R2012b\bin\win64\tbbmalloc.dll
0x000000007a210000 - 0x000000007a228000 	C:\Program Files\MATLAB\R2012b\bin\win64\zlib1.dll
0x00000000754d0000 - 0x0000000075551000 	C:\Program Files\MATLAB\R2012b\bin\win64\xmlcore.dll
0x00007ffa89b80000 - 0x00007ffa89bd4000 	C:\WINDOWS\system32\SHLWAPI.dll
0x00007ffa87b90000 - 0x00007ffa87b9c000 	C:\WINDOWS\SYSTEM32\netutils.dll
0x00007ffa88710000 - 0x00007ffa88736000 	C:\WINDOWS\SYSTEM32\srvcli.dll
0x00007ffa83820000 - 0x00007ffa83837000 	C:\WINDOWS\SYSTEM32\wkscli.dll
0x00007ffa89140000 - 0x00007ffa89149000 	C:\WINDOWS\system32\NSI.dll
0x00007ffa89400000 - 0x00007ffa89611000 	C:\WINDOWS\SYSTEM32\combase.dll
0x0000000054860000 - 0x0000000054928000 	C:\Program Files\MATLAB\R2012b\bin\win64\udd.dll
0x0000000074880000 - 0x000000007496d000 	C:\Program Files\MATLAB\R2012b\bin\win64\boost_regex-vc90-mt-1_44.dll
0x0000000054840000 - 0x0000000054857000 	C:\Program Files\MATLAB\R2012b\bin\win64\graphics_util.dll
0x0000000076100000 - 0x0000000076168000 	C:\Program Files\MATLAB\R2012b\bin\win64\libmat.dll
0x00000000547f0000 - 0x0000000054836000 	C:\Program Files\MATLAB\R2012b\bin\win64\libmwhardcopy.dll
0x0000000054780000 - 0x00000000547e3000 	C:\Program Files\MATLAB\R2012b\bin\win64\libuij.dll
0x0000000054510000 - 0x0000000054774000 	C:\Program Files\MATLAB\R2012b\bin\win64\hgdatatypes.dll
0x0000000005a20000 - 0x0000000005aa5000 	C:\Program Files\MATLAB\R2012b\bin\win64\libmwlapack.dll
0x0000000005ab0000 - 0x0000000005aeb000 	C:\Program Files\MATLAB\R2012b\bin\win64\libmwgbtutils.dll
0x0000000005af0000 - 0x0000000005b0b000 	C:\Program Files\MATLAB\R2012b\bin\win64\libmwgbt.dll
0x0000000054020000 - 0x0000000054504000 	C:\WINDOWS\WinSxS\amd64_microsoft.vc90.mfc_1fc8b3b9a1e18e3b_9.0.30729.6161_none_044aad0bab1eb146\mfc90.dll
0x00007ffa84350000 - 0x00007ffa843d2000 	C:\WINDOWS\SYSTEM32\WINSPOOL.DRV
0x0000000053f90000 - 0x0000000054014000 	C:\Program Files\MATLAB\R2012b\bin\win64\profiler.dll
0x0000000005b30000 - 0x0000000005d9a000 	C:\Program Files\MATLAB\R2012b\bin\win64\libmwmathutil.dll
0x0000000079f40000 - 0x0000000079f6e000 	C:\Program Files\MATLAB\R2012b\bin\win64\libmwmathrng.dll
0x0000000053f60000 - 0x0000000053f81000 	C:\Program Files\MATLAB\R2012b\bin\win64\m_pcodeio.dll
0x0000000079b10000 - 0x0000000079b77000 	C:\Program Files\MATLAB\R2012b\bin\win64\m_ir.dll
0x00000000538f0000 - 0x0000000053f60000 	C:\Program Files\MATLAB\R2012b\bin\win64\m_parser.dll
0x00000000538b0000 - 0x00000000538e1000 	C:\Program Files\MATLAB\R2012b\bin\win64\m_pcodegen.dll
0x0000000005da0000 - 0x0000000005e0a000 	C:\Program Files\MATLAB\R2012b\bin\win64\libmwspmatrix.dll
0x0000000005e20000 - 0x0000000005e2d000 	C:\Program Files\MATLAB\R2012b\bin\win64\nativejava_services.dll
0x00000000538a0000 - 0x00000000538af000 	C:\Program Files\MATLAB\R2012b\bin\win64\uinone.dll
0x0000000005e50000 - 0x0000000005e79000 	C:\Program Files\MATLAB\R2012b\bin\win64\libmwnativefiledialogs.dll
0x00007ffa813c0000 - 0x00007ffa813de000 	C:\WINDOWS\SYSTEM32\MPR.dll
0x0000000053870000 - 0x000000005389f000 	C:\WINDOWS\WinSxS\amd64_microsoft.vc90.atl_1fc8b3b9a1e18e3b_9.0.30729.6161_none_0a1fd3a3a768b895\ATL90.DLL
0x0000000072d30000 - 0x0000000072f44000 	C:\Program Files\MATLAB\R2012b\bin\win64\hdf5dll.dll
0x000000007a310000 - 0x000000007a321000 	C:\Program Files\MATLAB\R2012b\bin\win64\libmwbinder.dll
0x000000007a4d0000 - 0x000000007a4dc000 	C:\Program Files\MATLAB\R2012b\bin\win64\libmwompwrapper.dll
0x00007ffa843e0000 - 0x00007ffa843e7000 	C:\WINDOWS\SYSTEM32\MSIMG32.dll
0x0000000006000000 - 0x0000000006012000 	C:\Program Files\MATLAB\R2012b\bin\win64\libmwmfl_rng.dll
0x0000000074c10000 - 0x0000000074cee000 	C:\Program Files\MATLAB\R2012b\bin\win64\libmwmathcore.dll
0x0000000053850000 - 0x000000005386a000 	C:\Program Files\MATLAB\R2012b\bin\win64\ir_xfmr.dll
0x0000000053830000 - 0x0000000053841000 	C:\Program Files\MATLAB\R2012b\bin\win64\mtok.dll
0x00000000060a0000 - 0x00000000060a8000 	C:\Program Files\MATLAB\R2012b\bin\win64\libmwplatform_res.dll
0x00007ffa86ea0000 - 0x00007ffa86f52000 	C:\WINDOWS\SYSTEM32\SHCORE.DLL
0x0000000075ea0000 - 0x0000000075f02000 	C:\Program Files\MATLAB\R2012b\bin\win64\libmwcholmod.dll
0x000000007a460000 - 0x000000007a46d000 	C:\Program Files\MATLAB\R2012b\bin\win64\libmwamd.dll
0x000000007a4b0000 - 0x000000007a4bc000 	C:\Program Files\MATLAB\R2012b\bin\win64\libmwcolamd.dll
0x000000007a290000 - 0x000000007a2a9000 	C:\Program Files\MATLAB\R2012b\bin\win64\libmwblas.dll
0x00007ffa88e80000 - 0x00007ffa88eb6000 	C:\WINDOWS\system32\IMM32.DLL
0x00007ffa89c40000 - 0x00007ffa89d92000 	C:\WINDOWS\system32\MSCTF.dll
0x00007ffa875d0000 - 0x00007ffa876f9000 	C:\WINDOWS\system32\UxTheme.dll
0x00007ffa86af0000 - 0x00007ffa86b11000 	C:\WINDOWS\system32\dwmapi.dll
0x0000000053820000 - 0x000000005382d000 	C:\WINDOWS\WinSxS\amd64_microsoft.vc90.mfcloc_1fc8b3b9a1e18e3b_9.0.30729.6161_none_01c9581e60cbee58\MFC90ENU.DLL
0x0000000078870000 - 0x0000000078ecd000 	C:\Program Files\MATLAB\R2012b\sys\java\jre\win64\jre\bin\server\jvm.dll
0x00007ffa84540000 - 0x00007ffa84562000 	C:\WINDOWS\SYSTEM32\WINMM.dll
0x00007ffa84320000 - 0x00007ffa8434a000 	C:\WINDOWS\SYSTEM32\WINMMBASE.dll
0x00007ffa88c60000 - 0x00007ffa88caf000 	C:\WINDOWS\SYSTEM32\cfgmgr32.dll
0x00007ffa87750000 - 0x00007ffa87778000 	C:\WINDOWS\SYSTEM32\DEVOBJ.dll
0x00007ffa88950000 - 0x00007ffa88965000 	C:\WINDOWS\SYSTEM32\profapi.dll
0x00007ffa78d60000 - 0x00007ffa78d75000 	C:\WINDOWS\system32\napinsp.dll
0x00007ffa78d80000 - 0x00007ffa78d9a000 	C:\WINDOWS\system32\pnrpnsp.dll
0x00007ffa838f0000 - 0x00007ffa8390b000 	C:\WINDOWS\system32\NLAapi.dll
0x00007ffa881c0000 - 0x00007ffa88219000 	C:\WINDOWS\System32\mswsock.dll

VM Arguments:
jvm_args: -Xss512k -XX:PermSize=32m -Xms64m -XX:NewRatio=3 -XX:MaxPermSize=128m -Xmx196m -XX:MaxDirectMemorySize=2147400000 -Dsun.java2d.noddraw=true -Dsun.awt.nopixfmt=true -Xshare:off -Xrs -Dsun.awt.disableMixing=true -Djava.library.path=C:\Program Files\MATLAB\R2012b\bin\win64;C:\Program Files\MATLAB\R2012b\sys\jxbrowser\win64\lib vfprintf abort 
java_command: <unknown>
Launcher Type: generic

Environment Variables:
PATH=C:\ProgramData\Oracle\Java\javapath;C:\WINDOWS\system32;C:\WINDOWS;C:\WINDOWS\System32\Wbem;C:\WINDOWS\System32\WindowsPowerShell\v1.0\;C:\Program Files\TortoiseSVN\bin;C:\Program Files\MATLAB\R2012b\runtime\win64;C:\Program Files\MATLAB\R2012b\bin;C:\Program Files (x86)\MiKTeX 2.9\miktex\bin\;C:\Program Files\MiKTeX 2.9\miktex\bin\x64\;C:\Program Files (x86)\Skype\Phone\;C:\Program Files (x86)\NVIDIA Corporation\PhysX\Common
USERNAME=mypc
OS=Windows_NT
PROCESSOR_IDENTIFIER=Intel64 Family 6 Model 58 Stepping 9, GenuineIntel



---------------  S Y S T E M  ---------------

OS: Windows NT 6.2 Build 9200 

CPU:total 4 (8 cores per cpu, 2 threads per core) family 6 model 58 stepping 9, cmov, cx8, fxsr, mmx, sse, sse2, sse3, ssse3, sse4.1, sse4.2, ht

Memory: 4k page, physical 4077248k(1512220k free), swap 5453504k(2302080k free)

vm_info: Java HotSpot(TM) 64-Bit Server VM (14.3-b01) for windows-amd64 JRE (1.6.0_17-b04), built on Oct 11 2009 00:46:08 by "java_re" with MS VC++ 8.0

time: Fri Apr 22 00:45:56 2016
elapsed time: 29034 seconds

